Server is up and running on port number3001
Connected!
 CREATE TABLE IF NOT EXISTS `mydb`.`Images` ( `id`  varchar(100) NOT NULL,`url` VARCHAR(100) NOT NULL,`imageName` VARCHAR(254) NOT NULL,`AcceptRanges` VARCHAR(254) NOT NULL,`LastModified` VARCHAR(254) NOT NULL,`ContentLength` VARCHAR(254) NOT NULL,`ETag` VARCHAR(254) NOT NULL,`ContentType` VARCHAR(254) NOT NULL,`recipeTable_idrecipe` VARCHAR(100) NOT NULL,FOREIGN KEY (recipeTable_idrecipe) REFERENCES `recipe`(`id`), PRIMARY KEY (id))ENGINE=InnoDB DEFAULT CHARSET=utf8 COLLATE=utf8_unicode_ci; 
CREATE TABLE IF NOT EXISTS `mydb`.`users` (`id` varchar(100) NOT NULL,`firstname` varchar(100) COLLATE utf8_unicode_ci NOT NULL,`lastname` varchar(100) COLLATE utf8_unicode_ci NOT NULL,`email` varchar(100) COLLATE utf8_unicode_ci NOT NULL,`password` varchar(255) COLLATE utf8_unicode_ci NOT NULL,`created` datetime NOT NULL,`modified` datetime NOT NULL,PRIMARY KEY (`id`)) ENGINE=InnoDB DEFAULT CHARSET=utf8 COLLATE=utf8_unicode_ci;
Table 1 created
Table 2 created
Table 4 created
Table 3 created
Table 5 created
Server is up and running on port number3001
Connected!
 CREATE TABLE IF NOT EXISTS `mydb`.`Images` ( `id`  varchar(100) NOT NULL,`url` VARCHAR(100) NOT NULL,`imageName` VARCHAR(254) NOT NULL,`AcceptRanges` VARCHAR(254) NOT NULL,`LastModified` VARCHAR(254) NOT NULL,`ContentLength` VARCHAR(254) NOT NULL,`ETag` VARCHAR(254) NOT NULL,`ContentType` VARCHAR(254) NOT NULL,`recipeTable_idrecipe` VARCHAR(100) NOT NULL,FOREIGN KEY (recipeTable_idrecipe) REFERENCES `recipe`(`id`), PRIMARY KEY (id))ENGINE=InnoDB DEFAULT CHARSET=utf8 COLLATE=utf8_unicode_ci; 
CREATE TABLE IF NOT EXISTS `mydb`.`users` (`id` varchar(100) NOT NULL,`firstname` varchar(100) COLLATE utf8_unicode_ci NOT NULL,`lastname` varchar(100) COLLATE utf8_unicode_ci NOT NULL,`email` varchar(100) COLLATE utf8_unicode_ci NOT NULL,`password` varchar(255) COLLATE utf8_unicode_ci NOT NULL,`created` datetime NOT NULL,`modified` datetime NOT NULL,PRIMARY KEY (`id`)) ENGINE=InnoDB DEFAULT CHARSET=utf8 COLLATE=utf8_unicode_ci;
Table 1 created
Table 2 created
Table 4 created
Table 3 created
Table 5 created
req { firstname: 'my1',
  lastname: 'Agrawal',
  email: 'my4@gmail.com',
  password: 'Password@123' }
------------1
req { firstname: 'my1',
  lastname: 'Agrawal',
  email: 'my4@gmail.com',
  password: 'Password@123' }
------------1
